[debug] [2021-03-23T13:22:43.287Z] ----------------------------------------------------------------------
[debug] [2021-03-23T13:22:43.290Z] Command:       /usr/local/bin/node /usr/local/bin/firebase init
[debug] [2021-03-23T13:22:43.290Z] CLI Version:   9.6.1
[debug] [2021-03-23T13:22:43.290Z] Platform:      darwin
[debug] [2021-03-23T13:22:43.290Z] Node Version:  v12.18.2
[debug] [2021-03-23T13:22:43.291Z] Time:          Tue Mar 23 2021 14:22:43 GMT+0100 (West Africa Standard Time)
[debug] [2021-03-23T13:22:43.292Z] ----------------------------------------------------------------------
[debug] [2021-03-23T13:22:43.292Z] 
[debug] [2021-03-23T13:22:43.298Z] > command requires scopes: ["email","openid","https://www.googleapis.com/auth/cloudplatformprojects.readonly","https://www.googleapis.com/auth/firebase","https://www.googleapis.com/auth/cloud-platform"]
[debug] [2021-03-23T13:22:43.299Z] > authorizing via signed-in user
[info] 
     ######## #### ########  ######## ########     ###     ######  ########
     ##        ##  ##     ## ##       ##     ##  ##   ##  ##       ##
     ######    ##  ########  ######   ########  #########  ######  ######
     ##        ##  ##    ##  ##       ##     ## ##     ##       ## ##
     ##       #### ##     ## ######## ########  ##     ##  ######  ########

You're about to initialize a Firebase project in this directory:

  /Users/kamsi/React/netflix-clone

[info] 
=== Project Setup
[info] 
[info] First, let's associate this project directory with a Firebase project.
[info] You can create multiple project aliases by running firebase use --add, 
[info] but for now we'll just set up a default project.
[info] 
[debug] [2021-03-23T13:22:48.015Z] >>> [apiv2][query] GET https://firebase.googleapis.com/v1beta1/projects pageSize=100
[debug] [2021-03-23T13:22:48.638Z] <<< [apiv2][status] GET https://firebase.googleapis.com/v1beta1/projects 200
[debug] [2021-03-23T13:22:48.639Z] <<< [apiv2][body] GET https://firebase.googleapis.com/v1beta1/projects [omitted]
[info] i  Using project netflix-clone-e6724 (netflix-clone) 
[info] 
=== Hosting Setup
[info] 
[info] Your public directory is the folder (relative to your project directory) that
[info] will contain Hosting assets to be uploaded with firebase deploy. If you
[info] have a build process for your assets, use your build's output directory.
[info] 
[debug] [2021-03-23T13:23:59.577Z] >>> [apiv2][query] GET https://www.gstatic.com/firebasejs/releases.json [none]
[debug] [2021-03-23T13:24:00.045Z] <<< [apiv2][status] GET https://www.gstatic.com/firebasejs/releases.json 200
[debug] [2021-03-23T13:24:00.045Z] <<< [apiv2][body] GET https://www.gstatic.com/firebasejs/releases.json {"current":{"version":"8.3.1","browserURL":"https://www.gstatic.com/firebasejs/8.3.1/firebase.js","packageURL":"https://www.gstatic.com/firebasejs/8.3.1/firebase.tgz"},"live":{"version":"8.3","browserURL":"https://www.gstatic.com/firebasejs/live/8.3/firebase.js","packageURL":"https://www.gstatic.com/firebasejs/live/8.3/firebase.tgz"},"components":{"analytics":"https://www.gstatic.com/firebasejs/8.3.1/firebase-analytics.js","app":"https://www.gstatic.com/firebasejs/8.3.1/firebase-app.js","auth":"https://www.gstatic.com/firebasejs/8.3.1/firebase-auth.js","database":"https://www.gstatic.com/firebasejs/8.3.1/firebase-database.js","firestore":"https://www.gstatic.com/firebasejs/8.3.1/firebase-firestore.js","functions":"https://www.gstatic.com/firebasejs/8.3.1/firebase-functions.js","installations":"https://www.gstatic.com/firebasejs/8.3.1/firebase-installations.js","messaging":"https://www.gstatic.com/firebasejs/8.3.1/firebase-messaging.js","storage":"https://www.gstatic.com/firebasejs/8.3.1/firebase-storage.js","performance":"https://www.gstatic.com/firebasejs/8.3.1/firebase-performance.js","remote-config":"https://www.gstatic.com/firebasejs/8.3.1/firebase-remote-config.js","firestore.memory":"https://www.gstatic.com/firebasejs/8.3.1/firebase-firestore.memory.js"}}
[info] ✔  Wrote build/index.html 
[info] 
[info] i  Detected a .git folder at /Users/kamsi/React/netflix-clone 
[info] i  Authorizing with GitHub to upload your service account to a GitHub repository's secrets store. 
[info] 
[info] Visit this URL on this device to log in:
[info] https://github.com/login/oauth/authorize?client_id=89cf50f02ac6aaed3484&state=791845889&redirect_uri=http%3A%2F%2Flocalhost%3A9005&scope=read%3Auser%20repo%20public_repo
[info] 
[info] Waiting for authentication...
[debug] [2021-03-23T13:24:14.203Z] >>> HTTP REQUEST POST https://github.com/login/oauth/access_token  
 {"client_id":"89cf50f02ac6aaed3484","client_secret":"3330d14abc895d9a74d5f17cd7a00711fa2c5bf0","code":"2c80eab64dd04ab3805b","redirect_uri":"http://localhost:9005","state":"791845889"}
[debug] [2021-03-23T13:24:14.971Z] <<< HTTP RESPONSE 200 {"server":"GitHub.com","date":"Tue, 23 Mar 2021 13:24:14 GMT","content-type":"application/json; charset=utf-8","transfer-encoding":"chunked","vary":"X-PJAX, Accept-Encoding, Accept, X-Requested-With","etag":"W/\"954ae740e44e7a3185c1534b4842be70\"","cache-control":"max-age=0, private, must-revalidate","strict-transport-security":"max-age=31536000; includeSubdomains; preload","x-frame-options":"deny","x-content-type-options":"nosniff","x-xss-protection":"0","referrer-policy":"origin-when-cross-origin, strict-origin-when-cross-origin","expect-ct":"max-age=2592000, report-uri=\"https://api.github.com/_private/browser/errors\"","content-security-policy":"default-src 'none'; base-uri 'self'; block-all-mixed-content; connect-src 'self' uploads.github.com www.githubstatus.com collector.githubapp.com api.github.com github-cloud.s3.amazonaws.com github-production-repository-file-5c1aeb.s3.amazonaws.com github-production-upload-manifest-file-7fdce7.s3.amazonaws.com github-production-user-asset-6210df.s3.amazonaws.com cdn.optimizely.com logx.optimizely.com/v1/events wss://alive.github.com; font-src github.githubassets.com; form-action 'self' github.com gist.github.com; frame-ancestors 'none'; frame-src render.githubusercontent.com; img-src 'self' data: github.githubassets.com identicons.github.com collector.githubapp.com github-cloud.s3.amazonaws.com secured-user-images.githubusercontent.com/ *.githubusercontent.com; manifest-src 'self'; media-src 'none'; script-src github.githubassets.com; style-src 'unsafe-inline' github.githubassets.com; worker-src github.com/socket-worker-6832eced.js gist.github.com/socket-worker-6832eced.js","x-github-request-id":"8F03:10291:5AE001:5C6DE3:6059EBFE"}
[debug] [2021-03-23T13:24:14.978Z] >>> [apiv2][query] GET https://api.github.com/user [none]
[debug] [2021-03-23T13:24:15.715Z] <<< [apiv2][status] GET https://api.github.com/user 200
[debug] [2021-03-23T13:24:15.715Z] <<< [apiv2][body] GET https://api.github.com/user {"login":"Latix","id":21035990,"node_id":"MDQ6VXNlcjIxMDM1OTkw","avatar_url":"https://avatars.githubusercontent.com/u/21035990?v=4","gravatar_id":"","url":"https://api.github.com/users/Latix","html_url":"https://github.com/Latix","followers_url":"https://api.github.com/users/Latix/followers","following_url":"https://api.github.com/users/Latix/following{/other_user}","gists_url":"https://api.github.com/users/Latix/gists{/gist_id}","starred_url":"https://api.github.com/users/Latix/starred{/owner}{/repo}","subscriptions_url":"https://api.github.com/users/Latix/subscriptions","organizations_url":"https://api.github.com/users/Latix/orgs","repos_url":"https://api.github.com/users/Latix/repos","events_url":"https://api.github.com/users/Latix/events{/privacy}","received_events_url":"https://api.github.com/users/Latix/received_events","type":"User","site_admin":false,"name":"WeirdCoder","company":"Tech Barn","blog":"","location":"Nigeria","email":null,"hireable":true,"bio":"I'm a determined and self-taught programmer.","twitter_username":null,"public_repos":25,"public_gists":0,"followers":3,"following":3,"created_at":"2016-08-15T10:06:11Z","updated_at":"2021-03-23T13:24:13Z","private_gists":0,"total_private_repos":10,"owned_private_repos":8,"disk_usage":510872,"collaborators":3,"two_factor_authentication":false,"plan":{"name":"free","space":976562499,"collaborators":0,"private_repos":10000}}
[info] 
[info] ✔  Success! Logged into GitHub as Latix 
[info] 
